<?xml version="1.0" encoding="UTF-8"?>
<!-- Generated by org.testng.reporters.JUnitXMLReporter -->
<testsuite hostname="workstation" ignored="12" name="mnd_integration_tests" tests="1" failures="1" timestamp="15 Aug 2018 13:12:13 GMT" time="50.186" errors="0">
  <testcase name="delete_portfolio_avatar_image" time="47.534" classname="integrationTests.ContentCreatorTests">
    <failure type="org.openqa.selenium.NoSuchElementException" message="no such element: Unable to locate element: {&amp;quot;method&amp;quot;:&amp;quot;xpath&amp;quot;,&amp;quot;selector&amp;quot;:&amp;quot;//*[@id=&amp;quot;react-container&amp;quot;]/div/div[2]/div[1]/div[1]/div/div/div/div[2]/div[1]/div/button[2]&amp;quot;}
  (Session info: chrome=63.0.3239.108)
  (Driver info: chromedriver=2.34.522913 (36222509aa6e819815938cbf2709b4849735537c),platform=Linux 4.4.0-97-generic x86_64) (WARNING: The server did not provide any stacktrace information)
Command duration or timeout: 0 milliseconds
For documentation on this error, please visit: http://seleniumhq.org/exceptions/no_such_element.html
Build info: version: &amp;apos;3.13.0&amp;apos;, revision: &amp;apos;2f0d292&amp;apos;, time: &amp;apos;2018-06-25T15:24:21.231Z&amp;apos;
System info: host: &amp;apos;workstation&amp;apos;, ip: &amp;apos;127.0.1.1&amp;apos;, os.name: &amp;apos;Linux&amp;apos;, os.arch: &amp;apos;amd64&amp;apos;, os.version: &amp;apos;4.4.0-97-generic&amp;apos;, java.version: &amp;apos;1.8.0_151&amp;apos;
Driver info: org.openqa.selenium.chrome.ChromeDriver
Capabilities {acceptSslCerts: true, applicationCacheEnabled: false, browserConnectionEnabled: false, browserName: chrome, chrome: {chromedriverVersion: 2.34.522913 (36222509aa6e81..., userDataDir: /tmp/.org.chromium.Chromium...}, cssSelectorsEnabled: true, databaseEnabled: false, handlesAlerts: true, hasTouchScreen: false, javascriptEnabled: true, locationContextEnabled: true, mobileEmulationEnabled: false, nativeEvents: true, networkConnectionEnabled: false, pageLoadStrategy: normal, platform: LINUX, platformName: LINUX, rotatable: false, setWindowRect: true, takesHeapSnapshot: true, takesScreenshot: true, unexpectedAlertBehaviour: , unhandledPromptBehavior: , version: 63.0.3239.108, webStorageEnabled: true}
Session ID: e7934e643ec511d7ce2fa038226917b8
*** Element info: {Using=xpath, value=//*[@id=&amp;quot;react-container&amp;quot;]/div/div[2]/div[1]/div[1]/div/div/div/div[2]/div[1]/div/button[2]}">
        <![CDATA[org.openqa.selenium.NoSuchElementException: no such element: Unable to locate element: {"method":"xpath","selector":"//*[@id="react-container"]/div/div[2]/div[1]/div[1]/div/div/div/div[2]/div[1]/div/button[2]"}
  (Session info: chrome=63.0.3239.108)
  (Driver info: chromedriver=2.34.522913 (36222509aa6e819815938cbf2709b4849735537c),platform=Linux 4.4.0-97-generic x86_64) (WARNING: The server did not provide any stacktrace information)
Command duration or timeout: 0 milliseconds
For documentation on this error, please visit: http://seleniumhq.org/exceptions/no_such_element.html
Build info: version: '3.13.0', revision: '2f0d292', time: '2018-06-25T15:24:21.231Z'
System info: host: 'workstation', ip: '127.0.1.1', os.name: 'Linux', os.arch: 'amd64', os.version: '4.4.0-97-generic', java.version: '1.8.0_151'
Driver info: org.openqa.selenium.chrome.ChromeDriver
Capabilities {acceptSslCerts: true, applicationCacheEnabled: false, browserConnectionEnabled: false, browserName: chrome, chrome: {chromedriverVersion: 2.34.522913 (36222509aa6e81..., userDataDir: /tmp/.org.chromium.Chromium...}, cssSelectorsEnabled: true, databaseEnabled: false, handlesAlerts: true, hasTouchScreen: false, javascriptEnabled: true, locationContextEnabled: true, mobileEmulationEnabled: false, nativeEvents: true, networkConnectionEnabled: false, pageLoadStrategy: normal, platform: LINUX, platformName: LINUX, rotatable: false, setWindowRect: true, takesHeapSnapshot: true, takesScreenshot: true, unexpectedAlertBehaviour: , unhandledPromptBehavior: , version: 63.0.3239.108, webStorageEnabled: true}
Session ID: e7934e643ec511d7ce2fa038226917b8
*** Element info: {Using=xpath, value=//*[@id="react-container"]/div/div[2]/div[1]/div[1]/div/div/div/div[2]/div[1]/div/button[2]}
at org.openqa.selenium.remote.ErrorHandler.createThrowable(ErrorHandler.java:214)
at org.openqa.selenium.remote.ErrorHandler.throwIfResponseFailed(ErrorHandler.java:166)
at org.openqa.selenium.remote.http.JsonHttpResponseCodec.reconstructValue(JsonHttpResponseCodec.java:40)
at org.openqa.selenium.remote.http.AbstractHttpResponseCodec.decode(AbstractHttpResponseCodec.java:80)
at org.openqa.selenium.remote.http.AbstractHttpResponseCodec.decode(AbstractHttpResponseCodec.java:44)
at org.openqa.selenium.remote.HttpCommandExecutor.execute(HttpCommandExecutor.java:158)
at org.openqa.selenium.remote.service.DriverCommandExecutor.execute(DriverCommandExecutor.java:83)
at org.openqa.selenium.remote.RemoteWebDriver.execute(RemoteWebDriver.java:548)
at org.openqa.selenium.remote.RemoteWebDriver.findElement(RemoteWebDriver.java:322)
at org.openqa.selenium.remote.RemoteWebDriver.findElementByXPath(RemoteWebDriver.java:424)
at org.openqa.selenium.By$ByXPath.findElement(By.java:353)
at org.openqa.selenium.remote.RemoteWebDriver.findElement(RemoteWebDriver.java:314)
at org.openqa.selenium.support.pagefactory.DefaultElementLocator.findElement(DefaultElementLocator.java:69)
at org.openqa.selenium.support.pagefactory.internal.LocatingElementHandler.invoke(LocatingElementHandler.java:38)
at com.sun.proxy.$Proxy8.click(Unknown Source)
at content_creator_pages.PortfolioPage.click_edit_portfolio_btn(PortfolioPage.java:96)
at integrationTests.ContentCreatorTests.delete_portfolio_avatar_image(ContentCreatorTests.java:248)
... Removed 28 stack frames]]>
    </failure>
  </testcase> <!-- delete_portfolio_avatar_image -->
  <testcase name="sub_navigation_interactions" time="0.0" classname="integrationTests.ContentCreatorTests">
    <ignored/>
  </testcase> <!-- sub_navigation_interactions -->
  <testcase name="edit_portfolio_item" time="0.0" classname="integrationTests.ContentCreatorTests">
    <ignored/>
  </testcase> <!-- edit_portfolio_item -->
  <testcase name="view_portfolio_item" time="0.0" classname="integrationTests.ContentCreatorTests">
    <ignored/>
  </testcase> <!-- view_portfolio_item -->
  <testcase name="portfolio_item_link_transferring" time="0.0" classname="integrationTests.ContentCreatorTests">
    <ignored/>
  </testcase> <!-- portfolio_item_link_transferring -->
  <testcase name="create_portfolio_item" time="0.0" classname="integrationTests.ContentCreatorTests">
    <ignored/>
  </testcase> <!-- create_portfolio_item -->
  <testcase name="delete_portfolio_cover_image" time="0.0" classname="integrationTests.ContentCreatorTests">
    <ignored/>
  </testcase> <!-- delete_portfolio_cover_image -->
  <testcase name="check_assignments_selector" time="0.0" classname="integrationTests.ContentCreatorTests">
    <ignored/>
  </testcase> <!-- check_assignments_selector -->
  <testcase name="view_as_visitor_test" time="0.0" classname="integrationTests.ContentCreatorTests">
    <ignored/>
  </testcase> <!-- view_as_visitor_test -->
  <testcase name="edit_portfolio_test" time="0.0" classname="integrationTests.ContentCreatorTests">
    <ignored/>
  </testcase> <!-- edit_portfolio_test -->
  <testcase name="delete_portfolio_item" time="0.0" classname="integrationTests.ContentCreatorTests">
    <ignored/>
  </testcase> <!-- delete_portfolio_item -->
  <testcase name="login_as_content_creator_test" time="0.0" classname="integrationTests.ContentCreatorTests">
    <ignored/>
  </testcase> <!-- login_as_content_creator_test -->
  <testcase name="apply_job_assignment" time="0.0" classname="integrationTests.ContentCreatorTests">
    <ignored/>
  </testcase> <!-- apply_job_assignment -->
</testsuite> <!-- mnd_integration_tests -->
